<?xml version="1.0" encoding="UTF-8"?>
<!-- Generated by org.testng.reporters.JUnitReportReporter -->
<testsuite hostname="LAPTOP-L63QCRR4" failures="0" tests="1" name="basic.programs.FTC_001" time="0.016" errors="0" timestamp="2024-04-10T11:29:52 IST" skipped="0">
  <testcase classname="basic.programs.FTC_001" name="verifyRegisterLink" time="0.016"/>
  <system-out>
    <![CDATA[Test is passed]]>
  </system-out>
</testsuite> <!-- basic.programs.FTC_001 -->
