<?xml version="1.0" encoding="UTF-8"?>
<!-- Generated by org.testng.reporters.JUnitReportReporter -->
<testsuite hostname="LAPTOP-L63QCRR4" failures="0" tests="1" name="workingWithUnitTestingTool.WorkWithSingleRowData" time="0.911" errors="0" timestamp="2024-04-17T12:40:07 IST" skipped="0">
  <testcase classname="workingWithUnitTestingTool.WorkWithSingleRowData" name="printData" time="0.911"/>
  <system-out/>
</testsuite> <!-- workingWithUnitTestingTool.WorkWithSingleRowData -->
