<?xml version="1.0" encoding="UTF-8"?>
<!-- Generated by org.testng.reporters.JUnitReportReporter -->
<testsuite hostname="LAPTOP-L63QCRR4" failures="0" tests="1" name="batch.selenium.exe.Meesho" time="21.304" errors="0" timestamp="2024-04-11T12:42:20 IST" skipped="0">
  <testcase classname="batch.selenium.exe.Meesho" name="openMeesho" time="21.304"/>
  <system-out/>
</testsuite> <!-- batch.selenium.exe.Meesho -->
