<?xml version="1.0" encoding="UTF-8"?>
<!-- Generated by org.testng.reporters.JUnitReportReporter -->
<testsuite hostname="LAPTOP-L63QCRR4" failures="0" tests="1" name="workingWithUnitTestingTool.WorkWithAssert" time="35.946" errors="0" timestamp="2024-04-10T13:56:14 IST" skipped="0">
  <testcase classname="workingWithUnitTestingTool.WorkWithAssert" name="openDemoWedShop" time="35.946"/>
  <system-out>
    <![CDATA[User is able to open empty browser.
https://demowebshop.tricentis.com/]]>
  </system-out>
</testsuite> <!-- workingWithUnitTestingTool.WorkWithAssert -->
