<?xml version="1.0" encoding="UTF-8"?>
<!-- Generated by org.testng.reporters.JUnitReportReporter -->
<testsuite hostname="LAPTOP-L63QCRR4" failures="0" tests="3" name="workingWithUnitTestingTool.ToReadMultipleDataFromDataProvider" time="116.255" errors="0" timestamp="2024-04-18T11:16:40 IST" skipped="0">
  <testcase classname="workingWithUnitTestingTool.ToReadMultipleDataFromDataProvider" name="run" time="24.683"/>
  <system-out/>
  <testcase classname="workingWithUnitTestingTool.ToReadMultipleDataFromDataProvider" name="run" time="30.013"/>
  <system-out/>
  <testcase classname="workingWithUnitTestingTool.ToReadMultipleDataFromDataProvider" name="run" time="61.559"/>
  <system-out/>
</testsuite> <!-- workingWithUnitTestingTool.ToReadMultipleDataFromDataProvider -->
