<?xml version="1.0" encoding="UTF-8"?>
<!-- Generated by org.testng.reporters.JUnitReportReporter -->
<testsuite hostname="LAPTOP-L63QCRR4" failures="0" tests="1" name="workingwithpom.P1" time="6.000" errors="0" timestamp="2024-04-16T13:00:41 IST" skipped="0">
  <testcase classname="workingwithpom.P1" name="searchItem" time="6.000"/>
  <system-out/>
</testsuite> <!-- workingwithpom.P1 -->
