<?xml version="1.0" encoding="UTF-8"?>
<!-- Generated by org.testng.reporters.JUnitReportReporter -->
<testsuite hostname="LAPTOP-L63QCRR4" failures="0" tests="2" name="workingWithUnitTestingTool.WorkingOnInnvocationCount" time="262.685" errors="0" timestamp="2024-04-08T21:38:47 IST" skipped="0">
  <testcase classname="workingWithUnitTestingTool.WorkingOnInnvocationCount" name="run" time="129.062"/>
  <system-out/>
  <testcase classname="workingWithUnitTestingTool.WorkingOnInnvocationCount" name="run" time="133.623"/>
  <system-out/>
</testsuite> <!-- workingWithUnitTestingTool.WorkingOnInnvocationCount -->
