<?xml version="1.0" encoding="UTF-8"?>
<!-- Generated by org.testng.reporters.JUnitReportReporter -->
<testsuite hostname="LAPTOP-L63QCRR4" failures="0" tests="1" name="batch.selenium.exe.BookMyShow" time="36.059" errors="0" timestamp="2024-04-11T12:42:20 IST" skipped="0">
  <testcase classname="batch.selenium.exe.BookMyShow" name="openBookMyShow" time="36.059"/>
  <system-out/>
</testsuite> <!-- batch.selenium.exe.BookMyShow -->
