<?xml version="1.0" encoding="UTF-8"?>
<!-- Generated by org.testng.reporters.JUnitReportReporter -->
<testsuite hostname="LAPTOP-L63QCRR4" failures="0" tests="1" name="testng.project.TestNG_FTC_001_DWS" time="3.655" errors="0" timestamp="2024-04-12T21:42:59 IST" skipped="0">
  <testcase classname="testng.project.TestNG_FTC_001_DWS" name="regiterUserWithValidData" time="3.655"/>
  <system-out>
    <![CDATA[trial done
User is able to see register link.
Gender is selected.
Entered first name.
Entered last name.
Entered email id.
Entered password.
Entered confirm password.
User creation is done successfully.]]>
  </system-out>
</testsuite> <!-- testng.project.TestNG_FTC_001_DWS -->
