<?xml version="1.0" encoding="UTF-8"?>
<!-- Generated by org.testng.reporters.JUnitReportReporter -->
<testsuite hostname="LAPTOP-L63QCRR4" failures="0" tests="1" name="testng.project.TestNG_FTC_003_DWS" time="3.050" errors="0" timestamp="2024-04-17T11:15:05 IST" skipped="0">
  <testcase classname="testng.project.TestNG_FTC_003_DWS" name="loginVeirificationForValidCredential" time="3.050"/>
  <system-out>
    <![CDATA[Test Started.....]]>
  </system-out>
</testsuite> <!-- testng.project.TestNG_FTC_003_DWS -->
