<?xml version="1.0" encoding="UTF-8"?>
<!-- Generated by org.testng.reporters.JUnitReportReporter -->
<testsuite hostname="LAPTOP-L63QCRR4" failures="0" tests="4" name="workingWithUnitTestingTool.WorkingWithAlwaysRun" time="0.013" errors="0" timestamp="2024-04-08T21:40:40 IST" skipped="0">
  <testcase classname="workingWithUnitTestingTool.WorkingWithAlwaysRun" name="withdrawMoney" time="0.001"/>
  <system-out/>
  <testcase classname="workingWithUnitTestingTool.WorkingWithAlwaysRun" name="closeBrowser" time="0.009"/>
  <system-out/>
  <testcase classname="workingWithUnitTestingTool.WorkingWithAlwaysRun" name="openBrowser" time="0.001"/>
  <system-out/>
  <testcase classname="workingWithUnitTestingTool.WorkingWithAlwaysRun" name="enetrURL" time="0.002"/>
  <system-out/>
</testsuite> <!-- workingWithUnitTestingTool.WorkingWithAlwaysRun -->
