<?xml version="1.0" encoding="UTF-8"?>
<!-- Generated by org.testng.reporters.JUnitReportReporter -->
<testsuite hostname="LAPTOP-L63QCRR4" failures="0" tests="1" name="workingwithpom.LoginToApp" time="5.542" errors="0" timestamp="2024-04-16T14:22:49 IST" skipped="0">
  <testcase classname="workingwithpom.LoginToApp" name="loginToApp" time="5.542"/>
  <system-out/>
</testsuite> <!-- workingwithpom.LoginToApp -->
