<?xml version="1.0" encoding="UTF-8"?>
<!-- Generated by org.testng.reporters.JUnitReportReporter -->
<testsuite hostname="LAPTOP-L63QCRR4" failures="0" tests="1" name="batch.selenium.exe.DemoWebShop" time="18.530" errors="0" timestamp="2024-04-11T12:42:20 IST" skipped="0">
  <testcase classname="batch.selenium.exe.DemoWebShop" name="openDemoWebShop" time="18.530"/>
  <system-out/>
</testsuite> <!-- batch.selenium.exe.DemoWebShop -->
