<?xml version="1.0" encoding="UTF-8"?>
<!-- Generated by org.testng.reporters.JUnitReportReporter -->
<testsuite hostname="LAPTOP-L63QCRR4" failures="0" tests="6" name="workingWithUnitTestingTool.WorkingWithDependsOnMethods" time="0.015" errors="0" timestamp="2024-04-08T08:59:17 IST" skipped="0">
  <testcase classname="workingWithUnitTestingTool.WorkingWithDependsOnMethods" name="cnfmMsg" time="0.008"/>
  <system-out/>
  <testcase classname="workingWithUnitTestingTool.WorkingWithDependsOnMethods" name="register" time="0.001"/>
  <system-out/>
  <testcase classname="workingWithUnitTestingTool.WorkingWithDependsOnMethods" name="login" time="0.003"/>
  <system-out/>
  <testcase classname="workingWithUnitTestingTool.WorkingWithDependsOnMethods" name="payment" time="0.001"/>
  <system-out/>
  <testcase classname="workingWithUnitTestingTool.WorkingWithDependsOnMethods" name="searchBus" time="0.001"/>
  <system-out/>
  <testcase classname="workingWithUnitTestingTool.WorkingWithDependsOnMethods" name="selDate" time="0.001"/>
  <system-out/>
</testsuite> <!-- workingWithUnitTestingTool.WorkingWithDependsOnMethods -->
