<?xml version="1.0" encoding="UTF-8"?>
<!-- Generated by org.testng.reporters.JUnitReportReporter -->
<testsuite hostname="LAPTOP-L63QCRR4" failures="0" tests="1" name="simpleProg.FTC_005_DWS" time="12.731" errors="0" timestamp="2024-04-09T19:43:31 IST" skipped="0">
  <testcase classname="simpleProg.FTC_005_DWS" name="loginWithInvalidPassword" time="12.731"/>
  <system-out>
    <![CDATA[User is able to open empty browser.
User is able to maximize the browser.
User is able to open demo web shop page
Title is correct
User is able to land on login page]]>
  </system-out>
</testsuite> <!-- simpleProg.FTC_005_DWS -->
