<?xml version="1.0" encoding="UTF-8"?>
<!-- Generated by org.testng.reporters.JUnitReportReporter -->
<testsuite hostname="LAPTOP-L63QCRR4" failures="0" tests="1" name="batch.selenium.exe.MakyMyTrip" time="57.179" errors="0" timestamp="2024-04-11T12:42:20 IST" skipped="0">
  <testcase classname="batch.selenium.exe.MakyMyTrip" name="openMakeMyTrip" time="57.179"/>
  <system-out/>
</testsuite> <!-- batch.selenium.exe.MakyMyTrip -->
