<?xml version="1.0" encoding="UTF-8"?>
<!-- Generated by org.testng.reporters.JUnitReportReporter -->
<testsuite hostname="LAPTOP-L63QCRR4" failures="0" tests="1" name="simpleProg.FTC_003_DWS" time="19.457" errors="0" timestamp="2024-04-09T19:43:31 IST" skipped="0">
  <testcase classname="simpleProg.FTC_003_DWS" name="loginWithValidUser" time="19.457"/>
  <system-out>
    <![CDATA[User is able to open empty browser.
User is able to maximize the browser.
User is able to open demo web shop page
Title is correct
User is able to land on login page
User is able to send email id
User is not able to send password
Check box is selected
Login successful]]>
  </system-out>
</testsuite> <!-- simpleProg.FTC_003_DWS -->
