<?xml version="1.0" encoding="UTF-8"?>
<!-- Generated by org.testng.reporters.JUnitReportReporter -->
<testsuite hostname="LAPTOP-L63QCRR4" failures="0" tests="2" name="workingWithUnitTestingTool.WorkingWithDataProvider" time="0.010" errors="0" timestamp="2024-04-12T13:39:48 IST" skipped="0">
  <testcase classname="workingWithUnitTestingTool.WorkingWithDataProvider" name="readData" time="0.009"/>
  <system-out/>
  <testcase classname="workingWithUnitTestingTool.WorkingWithDataProvider" name="readData" time="0.001"/>
  <system-out/>
</testsuite> <!-- workingWithUnitTestingTool.WorkingWithDataProvider -->
