<?xml version="1.0" encoding="UTF-8"?>
<!-- Generated by org.testng.reporters.JUnitReportReporter -->
<testsuite hostname="LAPTOP-L63QCRR4" failures="0" tests="6" name="testng.basic.TestNgBasicConcepts" time="0.038" errors="0" timestamp="2024-04-04T13:45:23 IST" skipped="0">
  <testcase classname="testng.basic.TestNgBasicConcepts" name="selPlace" time="0.022"/>
  <system-out/>
  <testcase classname="testng.basic.TestNgBasicConcepts" name="selDate" time="0.003"/>
  <system-out/>
  <testcase classname="testng.basic.TestNgBasicConcepts" name="login" time="0.006"/>
  <system-out/>
  <testcase classname="testng.basic.TestNgBasicConcepts" name="register" time="0.002"/>
  <system-out/>
  <testcase classname="testng.basic.TestNgBasicConcepts" name="checkOut" time="0.002"/>
  <system-out/>
  <testcase classname="testng.basic.TestNgBasicConcepts" name="logOut" time="0.003"/>
  <system-out/>
</testsuite> <!-- testng.basic.TestNgBasicConcepts -->
