<?xml version="1.0" encoding="UTF-8"?>
<!-- Generated by org.testng.reporters.JUnitReportReporter -->
<testsuite hostname="LAPTOP-L63QCRR4" failures="0" tests="4" name="workingWithUnitTestingTool.WorkWithDataProvider" time="93.480" errors="0" timestamp="2024-04-14T10:28:14 IST" skipped="0">
  <testcase classname="workingWithUnitTestingTool.WorkWithDataProvider" name="registerUser" time="28.422"/>
  <system-out/>
  <testcase classname="workingWithUnitTestingTool.WorkWithDataProvider" name="registerUser" time="27.616"/>
  <system-out/>
  <testcase classname="workingWithUnitTestingTool.WorkWithDataProvider" name="registerUser" time="20.040"/>
  <system-out/>
  <testcase classname="workingWithUnitTestingTool.WorkWithDataProvider" name="registerUser" time="17.402"/>
  <system-out/>
</testsuite> <!-- workingWithUnitTestingTool.WorkWithDataProvider -->
