<?xml version="1.0" encoding="UTF-8"?>
<!-- Generated by org.testng.reporters.JUnitReportReporter -->
<testsuite hostname="LAPTOP-L63QCRR4" failures="0" tests="1" name="workingwithpom.ToReadDataFromExcelUtility" time="20.810" errors="0" timestamp="2024-04-16T14:28:09 IST" skipped="0">
  <testcase classname="workingwithpom.ToReadDataFromExcelUtility" name="loginToApp" time="20.810"/>
  <system-out/>
</testsuite> <!-- workingwithpom.ToReadDataFromExcelUtility -->
