<?xml version="1.0" encoding="UTF-8"?>
<!-- Generated by org.testng.reporters.JUnitReportReporter -->
<testsuite hostname="LAPTOP-L63QCRR4" failures="0" tests="1" name="pom.basics.TC_001_DWS" time="3.099" errors="0" timestamp="2024-04-15T14:06:58 IST" skipped="0">
  <testcase classname="pom.basics.TC_001_DWS" name="verifyRegisterForValidInput" time="3.099"/>
  <system-out/>
</testsuite> <!-- pom.basics.TC_001_DWS -->
