<?xml version="1.0" encoding="UTF-8"?>
<!-- Generated by org.testng.reporters.JUnitReportReporter -->
<testsuite hostname="LAPTOP-L63QCRR4" failures="0" tests="3" name="workingWithUnitTestingTool.WorkingWithChronologicalOrder" time="0.011" errors="0" timestamp="2024-04-08T21:42:09 IST" skipped="0">
  <testcase classname="workingWithUnitTestingTool.WorkingWithChronologicalOrder" name="pass" time="0.007"/>
  <system-out/>
  <testcase classname="workingWithUnitTestingTool.WorkingWithChronologicalOrder" name="test" time="0.002"/>
  <system-out/>
  <testcase classname="workingWithUnitTestingTool.WorkingWithChronologicalOrder" name="run" time="0.002"/>
  <system-out/>
</testsuite> <!-- workingWithUnitTestingTool.WorkingWithChronologicalOrder -->
