<?xml version="1.0" encoding="UTF-8"?>
<!-- Generated by org.testng.reporters.JUnitReportReporter -->
<testsuite hostname="LAPTOP-L63QCRR4" failures="0" tests="6" name="workingWithUnitTestingTool.WorkingWithPriority" time="0.015" errors="0" timestamp="2024-04-08T08:59:54 IST" skipped="1">
  <testcase classname="workingWithUnitTestingTool.WorkingWithPriority" name="selDate" time="0.010"/>
  <system-out/>
  <testcase classname="workingWithUnitTestingTool.WorkingWithPriority" name="searchBus" time="0.002"/>
  <system-out/>
  <testcase classname="workingWithUnitTestingTool.WorkingWithPriority" name="login" time="0.001"/>
  <system-out/>
  <testcase classname="workingWithUnitTestingTool.WorkingWithPriority" name="register" time="0.001"/>
  <system-out/>
  <testcase classname="workingWithUnitTestingTool.WorkingWithPriority" name="payment" time="0.001"/>
  <system-out/>
  <testcase classname="workingWithUnitTestingTool.WorkingWithPriority" name="cnfmMsg">
    <skipped/>
  </testcase> <!-- cnfmMsg -->
  <system-out/>
</testsuite> <!-- workingWithUnitTestingTool.WorkingWithPriority -->
