<?xml version="1.0" encoding="UTF-8"?>
<!-- Generated by org.testng.reporters.JUnitReportReporter -->
<testsuite hostname="LAPTOP-L63QCRR4" failures="0" tests="1" name="workingWithUnitTestingTool.WorkWithCrossBrowser" time="93.623" errors="0" timestamp="2024-04-10T12:59:30 IST" skipped="0">
  <testcase classname="workingWithUnitTestingTool.WorkWithCrossBrowser" name="browserTest" time="93.623"/>
  <system-out/>
</testsuite> <!-- workingWithUnitTestingTool.WorkWithCrossBrowser -->
