<?xml version="1.0" encoding="UTF-8"?>
<!-- Generated by org.testng.reporters.JUnitReportReporter -->
<testsuite hostname="LAPTOP-L63QCRR4" failures="0" tests="4" name="workingWithUnitTestingTool.WorkWithLoginProgDataProvider" time="84.714" errors="0" timestamp="2024-04-14T10:30:08 IST" skipped="0">
  <testcase classname="workingWithUnitTestingTool.WorkWithLoginProgDataProvider" name="registerUser" time="26.141"/>
  <system-out/>
  <testcase classname="workingWithUnitTestingTool.WorkWithLoginProgDataProvider" name="registerUser" time="17.066"/>
  <system-out/>
  <testcase classname="workingWithUnitTestingTool.WorkWithLoginProgDataProvider" name="registerUser" time="19.842"/>
  <system-out/>
  <testcase classname="workingWithUnitTestingTool.WorkWithLoginProgDataProvider" name="registerUser" time="21.665"/>
  <system-out/>
</testsuite> <!-- workingWithUnitTestingTool.WorkWithLoginProgDataProvider -->
