<?xml version="1.0" encoding="UTF-8"?>
<!-- Generated by org.testng.reporters.JUnitReportReporter -->
<testsuite hostname="LAPTOP-L63QCRR4" failures="0" tests="1" name="simpleProg.FTC_001_DWS" time="22.946" errors="0" timestamp="2024-04-10T11:15:11 IST" skipped="0">
  <testcase classname="simpleProg.FTC_001_DWS" name="regiterUserWithValidData" time="22.946"/>
  <system-out>
    <![CDATA[User is able to land on demowebshop
Register form is available for user.
Gender is selected.
Entered first name.
Entered last name.
Entered email id.
Entered password.
Entered confirm password.
User creation is done successfully.]]>
  </system-out>
</testsuite> <!-- simpleProg.FTC_001_DWS -->
